<?xml version="1.0" encoding="UTF-8"?>
<!-- Generated by org.testng.reporters.JUnitXMLReporter -->
<testsuite ignored="0" hostname="WKWIN1815803" failures="0" tests="10" name="Default test" time="0.04" errors="0" timestamp="2023-02-24T09:25:45 IST">
  <testcase classname="Day06.Program01" name="testCase01" time="0.006"/>
  <testcase classname="Day06.Program01" name="testCase01" time="0.001"/>
  <testcase classname="Day06.Program01" name="testCase01" time="0.001"/>
  <testcase classname="Day06.Program01" name="testCase01" time="0.001"/>
  <testcase classname="Day06.Program01" name="testCase01" time="0.001"/>
  <testcase classname="Day06.Program01" name="testCase01" time="0.001"/>
  <testcase classname="Day06.Program01" name="testCase01" time="0.0"/>
  <testcase classname="Day06.Program01" name="testCase01" time="0.0"/>
  <testcase classname="Day06.Program01" name="testCase01" time="0.001"/>
  <testcase classname="Day06.Program01" name="testCase01" time="0.001"/>
</testsuite> <!-- Default test -->
