<?xml version="1.0" encoding="UTF-8"?>
<!-- Generated by org.testng.reporters.JUnitXMLReporter -->
<testsuite ignored="2" hostname="WKWIN1815803" failures="0" tests="3" name="Test" time="0.039" errors="0" timestamp="2023-02-24T09:29:38 IST">
  <testcase classname="Day06.Program02" name="testCase01" time="0.005"/>
  <testcase classname="Day06.Program02" name="testCase03" time="0.001"/>
  <testcase classname="Day06.Program02" name="testCase041" time="0.001"/>
  <testcase classname="Day06.Program02" name="testCase05" time="0.0">
    <ignored/>
  </testcase> <!-- testCase05 -->
  <testcase classname="Day06.Program02" name="testCase02" time="0.0">
    <ignored/>
  </testcase> <!-- testCase02 -->
</testsuite> <!-- Test -->
