<?xml version="1.0" encoding="UTF-8"?>
<testng-results ignored="0" total="1" passed="1" failed="0" skipped="0">
  <reporter-output>
  </reporter-output>
  <suite started-at="2023-03-05T18:51:39 IST" name="Default suite" finished-at="2023-03-05T18:51:48 IST" duration-ms="8885">
    <groups>
    </groups>
    <test started-at="2023-03-05T18:51:39 IST" name="Default test" finished-at="2023-03-05T18:51:48 IST" duration-ms="8885">
      <class name="Day09.Project01">
        <test-method signature="testCase01()[pri:0, instance:Day09.Project01@f5acb9d]" started-at="2023-03-05T18:51:39 IST" name="testCase01" finished-at="2023-03-05T18:51:48 IST" duration-ms="8861" status="PASS">
          <reporter-output>
          </reporter-output>
        </test-method> <!-- testCase01 -->
      </class> <!-- Day09.Project01 -->
    </test> <!-- Default test -->
  </suite> <!-- Default suite -->
</testng-results>
