<?xml version="1.0" encoding="UTF-8"?>
<testng-results ignored="2" total="5" passed="3" failed="0" skipped="0">
  <reporter-output>
  </reporter-output>
  <suite started-at="2023-02-24T09:29:38 IST" name="Suite" finished-at="2023-02-24T09:29:38 IST" duration-ms="39">
    <groups>
      <group name="smoke">
        <method signature="Program02.testCase01()[pri:0, instance:Day06.Program02@6d4e5011]" name="testCase01" class="Day06.Program02"/>
        <method signature="Program02.testCase03()[pri:0, instance:Day06.Program02@6d4e5011]" name="testCase03" class="Day06.Program02"/>
        <method signature="Program02.testCase041()[pri:0, instance:Day06.Program02@6d4e5011]" name="testCase041" class="Day06.Program02"/>
      </group> <!-- smoke -->
    </groups>
    <test started-at="2023-02-24T09:29:38 IST" name="Test" finished-at="2023-02-24T09:29:38 IST" duration-ms="39">
      <class name="Day06.Program02">
        <test-method signature="testCase01()[pri:0, instance:Day06.Program02@6d4e5011]" started-at="2023-02-24T09:29:38 IST" name="testCase01" finished-at="2023-02-24T09:29:38 IST" duration-ms="5" status="PASS">
          <reporter-output>
          </reporter-output>
        </test-method> <!-- testCase01 -->
        <test-method signature="testCase03()[pri:0, instance:Day06.Program02@6d4e5011]" started-at="2023-02-24T09:29:38 IST" name="testCase03" finished-at="2023-02-24T09:29:38 IST" duration-ms="1" status="PASS">
          <reporter-output>
          </reporter-output>
        </test-method> <!-- testCase03 -->
        <test-method signature="testCase041()[pri:0, instance:Day06.Program02@6d4e5011]" started-at="2023-02-24T09:29:38 IST" name="testCase041" finished-at="2023-02-24T09:29:38 IST" duration-ms="1" status="PASS">
          <reporter-output>
          </reporter-output>
        </test-method> <!-- testCase041 -->
      </class> <!-- Day06.Program02 -->
    </test> <!-- Test -->
  </suite> <!-- Suite -->
</testng-results>
